HeaderVersion= V3V1_1.1
Classification= Unclassified - Public Release, cleared by DARPA on 5/6/2004 case #2147
ValidFrame= TRUE
FrameSizeColumns= 640
FrameSizeRows= 480
CollectionName= VIVID Data Collection 1 Eglin AFB 2003
CollectionDate= 20031202
CollectionDescription= Complex Runway Movement (DTB1Scenario6)
DataType= Progressive Scan Motion JPEG wrapped in AVI at 95% quality
SensorName= Wescam Daylight TV
SensorType= EO
Temperature= 57.2 deg F
Humidity= 29 %
WeatherTimeOfMeasurement= 155500 UTC
WeatherMeasurementComments= Valparaiso, FL weather data
ParentFileName= V3V100004_009
FrameNumber= 67
CollectionTime= 153622.5000 UTC
GimbalAzimuth= -50.0454 deg
GimbalElevation= -3.0046 deg
AircraftAltitude= 1246.9674 m
AircraftHeading= 29.4466 deg
AircraftLatitude= 303831.1287 deg
AircraftLongitude= -862018.0109 deg
AircraftPitch= 3.3751 deg
AircraftRoll= -22.8897 deg
SensorAzimuth=   341.8984 deg
SensorElevation=   -18.7604 deg
SensorTwist=    18.0307 deg
EstimatedSceneCenterLatitude= 304018.4376 degrees
EstimatedSceneCenterLonitude= -862058.5919 degrees
EstimatedSceneCenterAltitude=    67.0035 m
EstimatedSlantRange=  3671.8711 m
EstimatedSceneWidth=    92.3531 m
AircraftVelocityEast= 24.4660 m/s
AircraftVelocityNorth= 52.7608 m/s
AircraftVelocityUp= 0.4534 m/s
NearestPreGPSTargetID3= Blue 4 Door Cavalier
NearestPreGPSCollectionTime3= 153622.1820 UTC
NearestPreGPSTargetLatitude3= 304010.5000
NearestPreGPSTargetLongitude3= -862059.4360
AircraftAltitude= 1246.9674 m
NearestPreGPSTargetHeading3= 8.1 deg
NearestPreGPSTargetVelocity3= 2.4 m/s
NearestPreGPSTargetID5= Silver 4 Door Cavalier
NearestPreGPSCollectionTime5= 153621.6980 UTC
NearestPreGPSTargetLatitude5= 304010.4880
NearestPreGPSTargetLongitude5= -862057.4260
AircraftAltitude= 1246.9674 m
NearestPreGPSTargetHeading5= 0.3 deg
NearestPreGPSTargetVelocity5= 2.3 m/s
NearestPostGPSTargetID3= Blue 4 Door Cavalier
NearestPostGPSCollectionTime3= 153623.1780 UTC
NearestPostGPSTargetLatitude3= 304010.5660
NearestPostGPSTargetLongitude3= -862059.3760
AircraftAltitude= 1246.9674 m
NearestPostGPSTargetHeading3= 19.3 deg
NearestPostGPSTargetVelocity3= 2.8 m/s
NearestPostGPSTargetID5= Silver 4 Door Cavalier
NearestPostGPSCollectionTime5= 153622.6940 UTC
NearestPostGPSTargetLatitude5= 304010.5720
NearestPostGPSTargetLongitude5= -862057.4320
AircraftAltitude= 1246.9674 m
NearestPostGPSTargetHeading5= 358.2 deg
NearestPostGPSTargetVelocity5= 2.6 m/s
FOV= 1.080806 degrees
GSD=     0.1443 m
